<?xml version="1.0" encoding="UTF-8"?>
<!-- Generated by org.testng.reporters.JUnitXMLReporter -->
<testsuite ignored="7" hostname="SANDY" failures="1" tests="2" name="Test(failed)" time="37.186" errors="0" timestamp="2024-07-23T01:13:46 IST">
  <testcase classname="com.ecommerce.test.VerifyUserSignup" name="verifySignUp" time="13.848">
    <failure type="java.lang.AssertionError" message="expected [Sign up successful] but found [Sign up successful.]">
      <![CDATA[java.lang.AssertionError: expected [Sign up successful] but found [Sign up successful.]
at com.ecommerce.pom.UserSignupPage.UsersignupPage(UserSignupPage.java:135)
at com.ecommerce.test.VerifyUserSignup.verifySignUp(VerifyUserSignup.java:49)
at java.base/java.util.ArrayList.forEach(ArrayList.java:1541)
... Removed 33 stack frames]]>
    </failure>
  </testcase> <!-- verifySignUp -->
  <testcase classname="com.ecommerce.test.VerifyUserSignup" name="navigateProductUsingNext" time="9.92"/>
  <testcase classname="com.ecommerce.test.VerifyUserSignup" name="verifySignWithBlankSpace" time="0.0">
    <ignored/>
  </testcase> <!-- verifySignWithBlankSpace -->
  <testcase classname="com.ecommerce.test.VerifyUserSignup" name="orderProduct" time="0.0">
    <ignored/>
  </testcase> <!-- orderProduct -->
  <testcase classname="com.ecommerce.test.VerifyUserSignup" name="verifyInvalidLogin" time="0.0">
    <ignored/>
  </testcase> <!-- verifyInvalidLogin -->
  <testcase classname="com.ecommerce.test.VerifyUserSignup" name="verifyLogin" time="0.0">
    <ignored/>
  </testcase> <!-- verifyLogin -->
  <testcase classname="com.ecommerce.test.VerifyUserSignup" name="browseProduct" time="0.0">
    <ignored/>
  </testcase> <!-- browseProduct -->
  <testcase classname="com.ecommerce.test.VerifyUserSignup" name="verifyLogOut" time="0.0">
    <ignored/>
  </testcase> <!-- verifyLogOut -->
  <testcase classname="com.ecommerce.test.VerifyUserSignup" name="navigateProductCatogary" time="0.0">
    <ignored/>
  </testcase> <!-- navigateProductCatogary -->
</testsuite> <!-- Test(failed) -->
